[time=2] Worker 2 starts Job 1 seller=C runtime=5 priority=5
[time=3] Worker 3 starts Job 2 seller=C runtime=8 priority=4
[time=5] Worker 0 starts Job 3 seller=B runtime=4 priority=5
[time=6] Worker 1 starts Job 4 seller=D runtime=5 priority=4
[time=7] Worker 2 finishes Job 1
[time=7] Worker 2 starts Job 5 seller=C runtime=4 priority=4
[time=9] Worker 0 finishes Job 3
[time=9] Worker 0 starts Job 6 seller=B runtime=6 priority=4
[time=11] Worker 1 finishes Job 4
[time=11] Worker 1 starts Job 7 seller=E runtime=6 priority=5
[time=11] Worker 2 finishes Job 5
[time=11] Worker 3 finishes Job 2
[time=12] Worker 2 starts Job 8 seller=A runtime=4 priority=4
[time=13] Worker 3 starts Job 9 seller=E runtime=8 priority=5
[time=15] Worker 0 finishes Job 6
[time=15] Worker 0 starts Job 10 seller=B runtime=8 priority=4
[time=16] Worker 2 finishes Job 8
[time=16] Worker 2 starts Job 11 seller=B runtime=8 priority=1
[time=17] Worker 1 finishes Job 7
[time=17] Worker 1 starts Job 12 seller=A runtime=7 priority=2
[time=21] Worker 3 finishes Job 9
[time=21] Worker 3 starts Job 13 seller=C runtime=5 priority=1
[time=23] Worker 0 finishes Job 10
[time=23] Worker 0 starts Job 15 seller=D runtime=7 priority=1
[time=24] Worker 1 finishes Job 12
[time=24] Worker 1 starts Job 17 seller=A runtime=5 priority=1
[time=24] Worker 2 finishes Job 11
[time=24] Worker 2 starts Job 14 seller=B runtime=5 priority=2
[time=26] Worker 3 finishes Job 13
[time=26] Worker 3 starts Job 16 seller=B runtime=8 priority=2
[time=29] Worker 1 finishes Job 17
[time=29] Worker 1 starts Job 19 seller=B runtime=8 priority=1
[time=29] Worker 2 finishes Job 14
[time=29] Worker 2 starts Job 20 seller=D runtime=5 priority=1
[time=30] Worker 0 finishes Job 15
[time=30] Worker 0 starts Job 18 seller=C runtime=5 priority=2
[time=34] Worker 3 finishes Job 16
[time=34] Worker 2 finishes Job 20
[time=35] Worker 0 finishes Job 18
[time=37] Worker 1 finishes Job 19

============================================
   FINAL PERFORMANCE SUMMARY (HCMUT - OS)
============================================
Policy: priority   | Workers: 4
Total Jobs: 20     | Sim Time: 37
--------------------------------------------
Average Waiting Time:     1.15 units
Average Turnaround Time:  7.20 units
System Throughput:        0.541 jobs/unit
Worker Utilization:       81.76%
Starvation-risk Jobs:     0
============================================
