[time=1] Worker 1 starts Job 2 seller=E runtime=15 priority=2
[time=1] Worker 0 starts Job 3 seller=A runtime=18 priority=3
[time=1] Worker 2 starts Job 1 seller=E runtime=20 priority=2
[time=2] Worker 3 starts Job 4 seller=A runtime=2 priority=3
[time=4] Worker 3 finishes Job 4
[time=4] Worker 3 starts Job 6 seller=E runtime=1 priority=3
[time=5] Worker 3 finishes Job 6
[time=5] Worker 3 starts Job 7 seller=D runtime=1 priority=3
[time=6] Worker 3 finishes Job 7
[time=6] Worker 3 starts Job 8 seller=B runtime=1 priority=3
[time=7] Worker 3 finishes Job 8
[time=7] Worker 3 starts Job 9 seller=B runtime=1 priority=3
[time=8] Worker 3 finishes Job 9
[time=8] Worker 3 starts Job 10 seller=E runtime=1 priority=3
[time=9] Worker 3 finishes Job 10
[time=9] Worker 3 starts Job 11 seller=A runtime=1 priority=2
[time=10] Worker 3 finishes Job 11
[time=10] Worker 3 starts Job 13 seller=C runtime=1 priority=3
[time=11] Worker 3 finishes Job 13
[time=11] Worker 3 starts Job 16 seller=C runtime=1 priority=2
[time=12] Worker 3 finishes Job 16
[time=12] Worker 3 starts Job 20 seller=E runtime=1 priority=3
[time=13] Worker 3 finishes Job 20
[time=13] Worker 3 starts Job 5 seller=B runtime=2 priority=3
[time=15] Worker 3 finishes Job 5
[time=15] Worker 3 starts Job 12 seller=A runtime=2 priority=2
[time=16] Worker 1 finishes Job 2
[time=16] Worker 1 starts Job 14 seller=E runtime=2 priority=2
[time=17] Worker 3 finishes Job 12
[time=17] Worker 3 starts Job 15 seller=A runtime=2 priority=2
[time=18] Worker 1 finishes Job 14
[time=18] Worker 1 starts Job 17 seller=D runtime=2 priority=2
[time=19] Worker 3 finishes Job 15
[time=19] Worker 3 starts Job 18 seller=D runtime=2 priority=3
[time=19] Worker 0 finishes Job 3
[time=19] Worker 0 starts Job 19 seller=D runtime=2 priority=3
[time=20] Worker 1 finishes Job 17
[time=21] Worker 3 finishes Job 18
[time=21] Worker 2 finishes Job 1
[time=21] Worker 0 finishes Job 19

--- Simulation Results ---
Policy: sjf
Workers: 4
Total jobs: 20
Total simulation time: 21
Average waiting time: 4.65
Average turnaround time: 8.55
Throughput: 0.952 jobs/unit time
Worker utilization: 92.86%
Starvation-risk jobs: 12
