[time=1] Worker 0 starts Job 1 seller=C runtime=3 priority=1
[time=2] Worker 3 starts Job 2 seller=E runtime=3 priority=1
[time=4] Worker 2 starts Job 3 seller=E runtime=4 priority=4
[time=4] Worker 0 finishes Job 1
[time=5] Worker 1 starts Job 4 seller=A runtime=3 priority=3
[time=5] Worker 3 finishes Job 2
[time=7] Worker 0 starts Job 5 seller=E runtime=5 priority=4
[time=8] Worker 3 starts Job 6 seller=D runtime=3 priority=2
[time=8] Worker 2 finishes Job 3
[time=8] Worker 1 finishes Job 4
[time=9] Worker 2 starts Job 7 seller=E runtime=3 priority=3
[time=9] Worker 1 starts Job 8 seller=E runtime=3 priority=4
[time=11] Worker 3 finishes Job 6
[time=11] Worker 3 starts Job 9 seller=C runtime=3 priority=3
[time=12] Worker 2 finishes Job 7
[time=12] Worker 2 starts Job 10 seller=C runtime=4 priority=4
[time=12] Worker 1 finishes Job 8
[time=12] Worker 0 finishes Job 5
[time=13] Worker 0 starts Job 11 seller=C runtime=3 priority=1
[time=14] Worker 3 finishes Job 9
[time=14] Worker 3 starts Job 12 seller=D runtime=4 priority=1
[time=14] Worker 1 starts Job 13 seller=A runtime=5 priority=1
[time=16] Worker 2 finishes Job 10
[time=16] Worker 2 starts Job 14 seller=D runtime=4 priority=1
[time=16] Worker 0 finishes Job 11
[time=17] Worker 0 starts Job 15 seller=E runtime=6 priority=2
[time=18] Worker 3 finishes Job 12
[time=18] Worker 3 starts Job 16 seller=C runtime=5 priority=2
[time=19] Worker 1 finishes Job 13
[time=20] Worker 2 finishes Job 14
[time=20] Worker 1 starts Job 17 seller=E runtime=6 priority=4
[time=22] Worker 2 starts Job 18 seller=D runtime=3 priority=4
[time=23] Worker 0 finishes Job 15
[time=23] Worker 3 finishes Job 16
[time=24] Worker 0 starts Job 19 seller=B runtime=4 priority=1
[time=25] Worker 2 finishes Job 18
[time=25] Worker 3 starts Job 20 seller=E runtime=6 priority=4
[time=26] Worker 1 finishes Job 17
[time=28] Worker 0 finishes Job 19
[time=31] Worker 3 finishes Job 20

============================================
   FINAL PERFORMANCE SUMMARY (HCMUT - OS)
============================================
Policy: fifo       | Workers: 4
Total Jobs: 20     | Sim Time: 31
--------------------------------------------
Average Waiting Time:     0.10 units
Average Turnaround Time:  4.10 units
System Throughput:        0.645 jobs/unit
Worker Utilization:       64.52%
Starvation-risk Jobs:     0
============================================
